Arguments: 
  /Users/user/.nvm/versions/node/v14.7.0/bin/node /usr/local/Cellar/yarn/1.22.18/libexec/bin/yarn.js add body-parser@1

PATH: 
  /usr/local/Cellar/pyenv-virtualenv/1.1.5/shims:/Users/user/.pyenv/shims:/Users/user/.nvm/versions/node/v14.7.0/bin:/usr/local/bin:/usr/bin:/bin:/usr/sbin:/sbin:/usr/local/opt/openjdk@8/bin:/usr/local/MacGPG2/bin:/usr/local/Cellar/pyenv-virtualenv/1.1.5/shims:/Users/user/.nvm/versions/node/v14.7.0/bin

Yarn version: 
  1.22.18

Node version: 
  14.7.0

Platform: 
  darwin x64

Trace: 
  Error: https://registry.npmjs.org/accepts: tunneling socket could not be established, cause=getaddrinfo ENOTFOUND proxy-nco.syscom.io
      at ClientRequest.onError (/usr/local/Cellar/yarn/1.22.18/libexec/lib/cli.js:152369:17)
      at Object.onceWrapper (events.js:421:26)
      at ClientRequest.emit (events.js:314:20)
      at TLSSocket.socketErrorListener (_http_client.js:469:9)
      at TLSSocket.emit (events.js:314:20)
      at emitErrorNT (internal/streams/destroy.js:100:8)
      at emitErrorCloseNT (internal/streams/destroy.js:68:3)
      at processTicksAndRejections (internal/process/task_queues.js:80:21)

npm manifest: 
  {
    "dependencies": {
      "accepts": "^1.3.8",
      "array-flatten": "^1.1.1",
      "body-parser": "^1.19.2",
      "bytes": "^3.1.2",
      "content-disposition": "^0.5.4",
      "content-type": "^1.0.4",
      "cookie": "^0.4.2",
      "cookie-signature": "^1.0.6",
      "debug": "^2.6.9",
      "depd": "^1.1.2",
      "destroy": "^1.0.4",
      "ee-first": "^1.1.1",
      "encodeurl": "^1.0.2",
      "escape-html": "^1.0.3",
      "etag": "^1.8.1",
      "express": "^4.17.3",
      "finalhandler": "^1.1.2",
      "forwarded": "^0.2.0",
      "fresh": "^0.5.2",
      "http-errors": "^1.8.1",
      "iconv-lite": "^0.4.24",
      "inherits": "^2.0.4",
      "ipaddr.js": "^1.9.1",
      "media-typer": "^0.3.0",
      "merge-descriptors": "^1.0.1",
      "methods": "^1.1.2",
      "mime": "^1.6.0",
      "mime-db": "^1.51.0",
      "mime-types": "^2.1.34",
      "minimist": "^1.2.5",
      "ms": "^2.0.0",
      "negotiator": "^0.6.3",
      "npm-collect": "^1.0.5",
      "on-finished": "^2.3.0",
      "parseurl": "^1.3.3",
      "path-to-regexp": "^0.1.7",
      "proxy-addr": "^2.0.7",
      "qs": "^6.9.7",
      "range-parser": "^1.2.1",
      "raw-body": "^2.4.3",
      "redux": "^4.1.2",
      "safe-buffer": "^5.2.1",
      "safer-buffer": "^2.1.2",
      "send": "^0.17.2",
      "serve-static": "^1.14.2",
      "setprototypeof": "^1.2.0",
      "statuses": "^1.5.0",
      "toidentifier": "^1.0.1",
      "type-is": "^1.6.18",
      "unpipe": "^1.0.0",
      "utils-merge": "^1.0.1",
      "vary": "^1.1.2"
    }
  }

yarn manifest: 
  No manifest

Lockfile: 
  No lockfile
